<?xml version="1.0" encoding="UTF-8"?>
<!-- Generated by org.testng.reporters.JUnitReportReporter -->
<testsuite hostname="FA036696" failures="0" tests="1" name="formfill.Testclass" time="8.581" errors="0" timestamp="30 Jun 2018 14:47:14 GMT" skipped="0">
  <testcase classname="formfill.Testclass" name="test1" time="8.581"/>
</testsuite> <!-- formfill.Testclass -->
